video-player/build/intermediates/manifest_merge_blame_file/debug/manifest-merger-blame-debug-report.txt
1<?xml version="1.0" encoding="utf-8"?>
2<manifest xmlns:android="http://schemas.android.com/apk/res/android"
3    package="com.codewithshreya.video_player" >
4
5    <uses-sdk android:minSdkVersion="1" />
5-->src/main/AndroidManifest.xml
6
7    <uses-permission android:name="android.permission.INTERNET" />
7-->src/main/AndroidManifest.xml:5:5-67
7-->src/main/AndroidManifest.xml:5:22-64
8
9    <application
9-->src/main/AndroidManifest.xml:7:5-17:19
10        android:allowBackup="true"
10-->src/main/AndroidManifest.xml:8:9-35
11        android:label="@string/app_name"
11-->src/main/AndroidManifest.xml:9:9-41
12        android:theme="@style/Theme.EduX_Vplayer" >
12-->src/main/AndroidManifest.xml:10:9-50
13        <activity
13-->src/main/AndroidManifest.xml:11:9-12:86
14            android:name="com.codewithshreya.video_player.Fullscreen"
14-->src/main/AndroidManifest.xml:11:19-76
15            android:configChanges="keyboardHidden|orientation|screenSize" />
15-->src/main/AndroidManifest.xml:12:13-74
16        <activity android:name="com.codewithshreya.video_player.Show_Video" />
16-->src/main/AndroidManifest.xml:13:9-79
16-->src/main/AndroidManifest.xml:13:19-76
17        <activity android:name="com.codewithshreya.video_player.MainActivity" />
17-->src/main/AndroidManifest.xml:14:9-80
17-->src/main/AndroidManifest.xml:14:19-78
18    </application>
19
20</manifest>